<?xml version="1.0" encoding="UTF-8"?>
<testsuite name="com.fourirsw.springboot.web.IndexControllerTest" tests="1" skipped="0" failures="0" errors="0" timestamp="2021-07-16T07:29:01" hostname="LION" time="0.045">
  <properties/>
  <testcase name="메인페이지_로딩" classname="com.fourirsw.springboot.web.IndexControllerTest" time="0.045"/>
  <system-out><![CDATA[2021-07-16 16:29:01.444  INFO 4620 --- [    Test worker] .b.t.c.SpringBootTestContextBootstrapper : Neither @ContextConfiguration nor @ContextHierarchy found for test class [com.fourirsw.springboot.web.IndexControllerTest], using SpringBootContextLoader
2021-07-16 16:29:01.446  INFO 4620 --- [    Test worker] o.s.t.c.support.AbstractContextLoader    : Could not detect default resource locations for test class [com.fourirsw.springboot.web.IndexControllerTest]: no resource found for suffixes {-context.xml, Context.groovy}.
2021-07-16 16:29:01.446  INFO 4620 --- [    Test worker] t.c.s.AnnotationConfigContextLoaderUtils : Could not detect default configuration classes for test class [com.fourirsw.springboot.web.IndexControllerTest]: IndexControllerTest does not declare any static, non-private, non-final, nested classes annotated with @Configuration.
2021-07-16 16:29:01.448  INFO 4620 --- [    Test worker] .b.t.c.SpringBootTestContextBootstrapper : Found @SpringBootConfiguration com.fourirsw.springboot.Application for test class com.fourirsw.springboot.web.IndexControllerTest
2021-07-16 16:29:01.451  INFO 4620 --- [    Test worker] .b.t.c.SpringBootTestContextBootstrapper : Loaded default TestExecutionListener class names from location [META-INF/spring.factories]: [org.springframework.boot.test.autoconfigure.restdocs.RestDocsTestExecutionListener, org.springframework.boot.test.autoconfigure.web.client.MockRestServiceServerResetTestExecutionListener, org.springframework.boot.test.autoconfigure.web.servlet.MockMvcPrintOnlyOnFailureTestExecutionListener, org.springframework.boot.test.autoconfigure.web.servlet.WebDriverTestExecutionListener, org.springframework.boot.test.mock.mockito.MockitoTestExecutionListener, org.springframework.boot.test.mock.mockito.ResetMocksTestExecutionListener, org.springframework.test.context.web.ServletTestExecutionListener, org.springframework.test.context.support.DirtiesContextBeforeModesTestExecutionListener, org.springframework.test.context.support.DependencyInjectionTestExecutionListener, org.springframework.test.context.support.DirtiesContextTestExecutionListener, org.springframework.test.context.transaction.TransactionalTestExecutionListener, org.springframework.test.context.jdbc.SqlScriptsTestExecutionListener]
2021-07-16 16:29:01.451  INFO 4620 --- [    Test worker] .b.t.c.SpringBootTestContextBootstrapper : Using TestExecutionListeners: [org.springframework.test.context.web.ServletTestExecutionListener@7aebd6cb, org.springframework.test.context.support.DirtiesContextBeforeModesTestExecutionListener@5b458ec1, org.springframework.boot.test.mock.mockito.MockitoTestExecutionListener@135cc706, org.springframework.boot.test.autoconfigure.SpringBootDependencyInjectionTestExecutionListener@49f44570, org.springframework.test.context.support.DirtiesContextTestExecutionListener@6d0d9f0b, org.springframework.test.context.transaction.TransactionalTestExecutionListener@1a4937ed, org.springframework.test.context.jdbc.SqlScriptsTestExecutionListener@6f58b755, org.springframework.boot.test.autoconfigure.restdocs.RestDocsTestExecutionListener@46cb00b, org.springframework.boot.test.autoconfigure.web.client.MockRestServiceServerResetTestExecutionListener@518824a, org.springframework.boot.test.autoconfigure.web.servlet.MockMvcPrintOnlyOnFailureTestExecutionListener@563d3b5b, org.springframework.boot.test.autoconfigure.web.servlet.WebDriverTestExecutionListener@7cf5ccd6, org.springframework.boot.test.mock.mockito.ResetMocksTestExecutionListener@1d78c7ab]
]]></system-out>
  <system-err><![CDATA[]]></system-err>
</testsuite>
