<?xml version="1.0" encoding="UTF-8"?>
<testsuite name="com.fourirsw.springboot.domain.posts.PostsRepositoryTest" tests="2" skipped="0" failures="0" errors="0" timestamp="2021-07-16T07:29:01" hostname="LION" time="0.063">
  <properties/>
  <testcase name="regiTxt_load" classname="com.fourirsw.springboot.domain.posts.PostsRepositoryTest" time="0.046"/>
  <testcase name="BaseTimeEntity_등록" classname="com.fourirsw.springboot.domain.posts.PostsRepositoryTest" time="0.016"/>
  <system-out><![CDATA[2021-07-16 16:28:59.453  INFO 4620 --- [    Test worker] .b.t.c.SpringBootTestContextBootstrapper : Neither @ContextConfiguration nor @ContextHierarchy found for test class [com.fourirsw.springboot.domain.posts.PostsRepositoryTest], using SpringBootContextLoader
2021-07-16 16:28:59.456  INFO 4620 --- [    Test worker] o.s.t.c.support.AbstractContextLoader    : Could not detect default resource locations for test class [com.fourirsw.springboot.domain.posts.PostsRepositoryTest]: no resource found for suffixes {-context.xml, Context.groovy}.
2021-07-16 16:28:59.457  INFO 4620 --- [    Test worker] t.c.s.AnnotationConfigContextLoaderUtils : Could not detect default configuration classes for test class [com.fourirsw.springboot.domain.posts.PostsRepositoryTest]: PostsRepositoryTest does not declare any static, non-private, non-final, nested classes annotated with @Configuration.
2021-07-16 16:28:59.479  INFO 4620 --- [    Test worker] .b.t.c.SpringBootTestContextBootstrapper : Found @SpringBootConfiguration com.fourirsw.springboot.Application for test class com.fourirsw.springboot.domain.posts.PostsRepositoryTest
2021-07-16 16:28:59.482  INFO 4620 --- [    Test worker] .b.t.c.SpringBootTestContextBootstrapper : Loaded default TestExecutionListener class names from location [META-INF/spring.factories]: [org.springframework.boot.test.autoconfigure.restdocs.RestDocsTestExecutionListener, org.springframework.boot.test.autoconfigure.web.client.MockRestServiceServerResetTestExecutionListener, org.springframework.boot.test.autoconfigure.web.servlet.MockMvcPrintOnlyOnFailureTestExecutionListener, org.springframework.boot.test.autoconfigure.web.servlet.WebDriverTestExecutionListener, org.springframework.boot.test.mock.mockito.MockitoTestExecutionListener, org.springframework.boot.test.mock.mockito.ResetMocksTestExecutionListener, org.springframework.test.context.web.ServletTestExecutionListener, org.springframework.test.context.support.DirtiesContextBeforeModesTestExecutionListener, org.springframework.test.context.support.DependencyInjectionTestExecutionListener, org.springframework.test.context.support.DirtiesContextTestExecutionListener, org.springframework.test.context.transaction.TransactionalTestExecutionListener, org.springframework.test.context.jdbc.SqlScriptsTestExecutionListener]
2021-07-16 16:28:59.483  INFO 4620 --- [    Test worker] .b.t.c.SpringBootTestContextBootstrapper : Using TestExecutionListeners: [org.springframework.test.context.web.ServletTestExecutionListener@56fd5ab8, org.springframework.test.context.support.DirtiesContextBeforeModesTestExecutionListener@3544396, org.springframework.boot.test.mock.mockito.MockitoTestExecutionListener@23268ff6, org.springframework.boot.test.autoconfigure.SpringBootDependencyInjectionTestExecutionListener@a8c8f7, org.springframework.test.context.support.DirtiesContextTestExecutionListener@3c3c6ac0, org.springframework.test.context.transaction.TransactionalTestExecutionListener@1dd5d622, org.springframework.test.context.jdbc.SqlScriptsTestExecutionListener@a9ba351, org.springframework.boot.test.autoconfigure.restdocs.RestDocsTestExecutionListener@4cb22d85, org.springframework.boot.test.autoconfigure.web.client.MockRestServiceServerResetTestExecutionListener@130724b9, org.springframework.boot.test.autoconfigure.web.servlet.MockMvcPrintOnlyOnFailureTestExecutionListener@2050943d, org.springframework.boot.test.autoconfigure.web.servlet.WebDriverTestExecutionListener@77862a4d, org.springframework.boot.test.mock.mockito.ResetMocksTestExecutionListener@2a85ef3d]

  .   ____          _            __ _ _
 /\\ / ___'_ __ _ _(_)_ __  __ _ \ \ \ \
( ( )\___ | '_ | '_| | '_ \/ _` | \ \ \ \
 \\/  ___)| |_)| | | | | || (_| |  ) ) ) )
  '  |____| .__|_| |_|_| |_\__, | / / / /
 =========|_|==============|___/=/_/_/_/
 :: Spring Boot ::        (v2.1.7.RELEASE)

2021-07-16 16:28:59.551  INFO 4620 --- [    Test worker] c.f.s.domain.posts.PostsRepositoryTest   : Starting PostsRepositoryTest on Lion with PID 4620 (started by shha in C:\Users\shha\IdeaProjects\springboot2-webservice)
2021-07-16 16:28:59.551  INFO 4620 --- [    Test worker] c.f.s.domain.posts.PostsRepositoryTest   : No active profile set, falling back to default profiles: default
2021-07-16 16:28:59.852  INFO 4620 --- [    Test worker] .s.d.r.c.RepositoryConfigurationDelegate : Bootstrapping Spring Data repositories in DEFAULT mode.
2021-07-16 16:28:59.892  INFO 4620 --- [    Test worker] .s.d.r.c.RepositoryConfigurationDelegate : Finished Spring Data repository scanning in 39ms. Found 1 repository interfaces.
2021-07-16 16:29:00.005  INFO 4620 --- [    Test worker] trationDelegate$BeanPostProcessorChecker : Bean 'org.springframework.transaction.annotation.ProxyTransactionManagementConfiguration' of type [org.springframework.transaction.annotation.ProxyTransactionManagementConfiguration$$EnhancerBySpringCGLIB$$a80c76b2] is not eligible for getting processed by all BeanPostProcessors (for example: not eligible for auto-proxying)
2021-07-16 16:29:00.122  INFO 4620 --- [    Test worker] com.zaxxer.hikari.HikariDataSource       : HikariPool-2 - Starting...
2021-07-16 16:29:00.123  INFO 4620 --- [    Test worker] com.zaxxer.hikari.HikariDataSource       : HikariPool-2 - Start completed.
2021-07-16 16:29:00.168  INFO 4620 --- [    Test worker] o.hibernate.jpa.internal.util.LogHelper  : HHH000204: Processing PersistenceUnitInfo [
	name: default
	...]
2021-07-16 16:29:00.190  INFO 4620 --- [    Test worker] org.hibernate.dialect.Dialect            : HHH000400: Using dialect: org.hibernate.dialect.H2Dialect
Hibernate: drop table posts if exists
Hibernate: create table posts (id bigint generated by default as identity, created_date timestamp, modified_date timestamp, author varchar(255), content TEXT not null, title varchar(500) not null, primary key (id))
2021-07-16 16:29:00.254  INFO 4620 --- [    Test worker] o.h.t.schema.internal.SchemaCreatorImpl  : HHH000476: Executing import script 'org.hibernate.tool.schema.internal.exec.ScriptSourceInputNonExistentImpl@5bc4d561'
2021-07-16 16:29:00.254  INFO 4620 --- [    Test worker] j.LocalContainerEntityManagerFactoryBean : Initialized JPA EntityManagerFactory for persistence unit 'default'
2021-07-16 16:29:00.845  INFO 4620 --- [    Test worker] o.s.s.concurrent.ThreadPoolTaskExecutor  : Initializing ExecutorService 'applicationTaskExecutor'
2021-07-16 16:29:00.865  WARN 4620 --- [    Test worker] aWebConfiguration$JpaWebMvcConfiguration : spring.jpa.open-in-view is enabled by default. Therefore, database queries may be performed during view rendering. Explicitly configure spring.jpa.open-in-view to disable this warning
2021-07-16 16:29:00.916  INFO 4620 --- [    Test worker] o.s.b.a.w.s.WelcomePageHandlerMapping    : Adding welcome page template: index
2021-07-16 16:29:01.359  INFO 4620 --- [    Test worker] c.f.s.domain.posts.PostsRepositoryTest   : Started PostsRepositoryTest in 1.864 seconds (JVM running for 13.187)
Hibernate: insert into posts (id, created_date, modified_date, author, content, title) values (null, ?, ?, ?, ?, ?)
2021-07-16 16:29:01.388  INFO 4620 --- [    Test worker] o.h.h.i.QueryTranslatorFactoryInitiator  : HHH000397: Using ASTQueryTranslatorFactory
Hibernate: select posts0_.id as id1_0_, posts0_.created_date as created_2_0_, posts0_.modified_date as modified3_0_, posts0_.author as author4_0_, posts0_.content as content5_0_, posts0_.title as title6_0_ from posts posts0_
Hibernate: select posts0_.id as id1_0_, posts0_.created_date as created_2_0_, posts0_.modified_date as modified3_0_, posts0_.author as author4_0_, posts0_.content as content5_0_, posts0_.title as title6_0_ from posts posts0_
Hibernate: delete from posts where id=?
Hibernate: insert into posts (id, created_date, modified_date, author, content, title) values (null, ?, ?, ?, ?, ?)
Hibernate: select posts0_.id as id1_0_, posts0_.created_date as created_2_0_, posts0_.modified_date as modified3_0_, posts0_.author as author4_0_, posts0_.content as content5_0_, posts0_.title as title6_0_ from posts posts0_
>>>>>>>>> createDate=2021-07-16T16:29:01.421002, modifiedDate=2021-07-16T16:29:01.421002
Hibernate: select posts0_.id as id1_0_, posts0_.created_date as created_2_0_, posts0_.modified_date as modified3_0_, posts0_.author as author4_0_, posts0_.content as content5_0_, posts0_.title as title6_0_ from posts posts0_
Hibernate: delete from posts where id=?
]]></system-out>
  <system-err><![CDATA[]]></system-err>
</testsuite>
